w:\dev\simbicon\binaries\release\ode.bsc
w:\dev\simbicon\ode-0.9\release\gimpact.sbr
w:\dev\simbicon\ode-0.9\release\gim_boxpruning.sbr
w:\dev\simbicon\ode-0.9\release\gim_contact.sbr
w:\dev\simbicon\ode-0.9\release\gim_math.sbr
w:\dev\simbicon\ode-0.9\release\gim_memory.sbr
w:\dev\simbicon\ode-0.9\release\gim_trimesh.sbr
w:\dev\simbicon\ode-0.9\release\gim_trimesh_capsule_collision.sbr
w:\dev\simbicon\ode-0.9\release\gim_trimesh_ray_collision.sbr
w:\dev\simbicon\ode-0.9\release\gim_trimesh_sphere_collision.sbr
w:\dev\simbicon\ode-0.9\release\gim_trimesh_trimesh_collision.sbr
w:\dev\simbicon\ode-0.9\release\gim_tri_tri_overlap.sbr
w:\dev\simbicon\ode-0.9\release\array.sbr
w:\dev\simbicon\ode-0.9\release\box.sbr
w:\dev\simbicon\ode-0.9\release\capsule.sbr
w:\dev\simbicon\ode-0.9\release\collision_cylinder_box.sbr
w:\dev\simbicon\ode-0.9\release\collision_cylinder_plane.sbr
w:\dev\simbicon\ode-0.9\release\collision_cylinder_sphere.sbr
w:\dev\simbicon\ode-0.9\release\collision_cylinder_trimesh.sbr
w:\dev\simbicon\ode-0.9\release\collision_kernel.sbr
w:\dev\simbicon\ode-0.9\release\collision_quadtreespace.sbr
w:\dev\simbicon\ode-0.9\release\collision_quadtreespace.obj
w:\dev\simbicon\ode-0.9\release\collision_kernel.obj
w:\dev\simbicon\ode-0.9\release\collision_cylinder_trimesh.obj
w:\dev\simbicon\ode-0.9\release\collision_cylinder_sphere.obj
w:\dev\simbicon\ode-0.9\release\collision_cylinder_plane.obj
w:\dev\simbicon\ode-0.9\release\collision_cylinder_box.obj
w:\dev\simbicon\ode-0.9\release\capsule.obj
w:\dev\simbicon\ode-0.9\release\box.obj
w:\dev\simbicon\ode-0.9\release\array.obj
w:\dev\simbicon\ode-0.9\release\gim_tri_tri_overlap.obj
w:\dev\simbicon\ode-0.9\release\gim_trimesh_trimesh_collision.obj
w:\dev\simbicon\ode-0.9\release\gim_trimesh_sphere_collision.obj
w:\dev\simbicon\ode-0.9\release\gim_trimesh_ray_collision.obj
w:\dev\simbicon\ode-0.9\release\gim_trimesh_capsule_collision.obj
w:\dev\simbicon\ode-0.9\release\gim_trimesh.obj
w:\dev\simbicon\ode-0.9\release\gim_memory.obj
w:\dev\simbicon\ode-0.9\release\gim_math.obj
w:\dev\simbicon\ode-0.9\release\gim_contact.obj
w:\dev\simbicon\ode-0.9\release\gim_boxpruning.obj
w:\dev\simbicon\ode-0.9\release\gimpact.obj
w:\dev\simbicon\ode-0.9\release\collision_space.sbr
w:\dev\simbicon\ode-0.9\release\collision_transform.sbr
w:\dev\simbicon\ode-0.9\release\collision_trimesh_box.sbr
w:\dev\simbicon\ode-0.9\release\collision_trimesh_ccylinder.sbr
w:\dev\simbicon\ode-0.9\release\collision_trimesh_distance.sbr
w:\dev\simbicon\ode-0.9\release\collision_trimesh_opcode.sbr
w:\dev\simbicon\ode-0.9\release\collision_trimesh_plane.sbr
w:\dev\simbicon\ode-0.9\release\collision_trimesh_ray.sbr
w:\dev\simbicon\ode-0.9\release\collision_trimesh_sphere.sbr
w:\dev\simbicon\ode-0.9\release\collision_trimesh_trimesh.sbr
w:\dev\simbicon\ode-0.9\release\collision_util.sbr
w:\dev\simbicon\ode-0.9\release\convex.sbr
w:\dev\simbicon\ode-0.9\release\cylinder.sbr
w:\dev\simbicon\ode-0.9\release\error.sbr
w:\dev\simbicon\ode-0.9\release\export-dif.sbr
w:\dev\simbicon\ode-0.9\release\heightfield.sbr
w:\dev\simbicon\ode-0.9\release\joint.sbr
w:\dev\simbicon\ode-0.9\release\lcp.sbr
w:\dev\simbicon\ode-0.9\release\mass.sbr
w:\dev\simbicon\ode-0.9\release\mat.sbr
w:\dev\simbicon\ode-0.9\release\mat.obj
w:\dev\simbicon\ode-0.9\release\mass.obj
w:\dev\simbicon\ode-0.9\release\lcp.obj
w:\dev\simbicon\ode-0.9\release\joint.obj
w:\dev\simbicon\ode-0.9\release\heightfield.obj
w:\dev\simbicon\ode-0.9\release\export-dif.obj
w:\dev\simbicon\ode-0.9\release\error.obj
w:\dev\simbicon\ode-0.9\release\cylinder.obj
w:\dev\simbicon\ode-0.9\release\collision_util.obj
w:\dev\simbicon\ode-0.9\release\collision_trimesh_trimesh.obj
w:\dev\simbicon\ode-0.9\release\collision_trimesh_sphere.obj
w:\dev\simbicon\ode-0.9\release\collision_trimesh_ray.obj
w:\dev\simbicon\ode-0.9\release\collision_trimesh_plane.obj
w:\dev\simbicon\ode-0.9\release\collision_trimesh_opcode.obj
w:\dev\simbicon\ode-0.9\release\collision_trimesh_distance.obj
w:\dev\simbicon\ode-0.9\release\collision_trimesh_ccylinder.obj
w:\dev\simbicon\ode-0.9\release\collision_trimesh_box.obj
w:\dev\simbicon\ode-0.9\release\collision_transform.obj
w:\dev\simbicon\ode-0.9\release\collision_space.obj
w:\dev\simbicon\ode-0.9\release\matrix.sbr
w:\dev\simbicon\ode-0.9\release\memory.sbr
w:\dev\simbicon\ode-0.9\release\misc.sbr
w:\dev\simbicon\ode-0.9\release\obstack.sbr
w:\dev\simbicon\ode-0.9\release\ode.sbr
w:\dev\simbicon\ode-0.9\release\odemath.sbr
w:\dev\simbicon\ode-0.9\release\plane.sbr
w:\dev\simbicon\ode-0.9\release\quickstep.sbr
w:\dev\simbicon\ode-0.9\release\ray.sbr
w:\dev\simbicon\ode-0.9\release\rotation.sbr
w:\dev\simbicon\ode-0.9\release\sphere.sbr
w:\dev\simbicon\ode-0.9\release\step.sbr
w:\dev\simbicon\ode-0.9\release\stepfast.sbr
w:\dev\simbicon\ode-0.9\release\testing.sbr
w:\dev\simbicon\ode-0.9\release\timer.sbr
w:\dev\simbicon\ode-0.9\release\util.sbr
w:\dev\simbicon\ode-0.9\release\iceaabb.sbr
w:\dev\simbicon\ode-0.9\release\icecontainer.sbr
w:\dev\simbicon\ode-0.9\release\icehpoint.sbr
w:\dev\simbicon\ode-0.9\release\iceindexedtriangle.sbr
w:\dev\simbicon\ode-0.9\release\iceindexedtriangle.obj
w:\dev\simbicon\ode-0.9\release\icehpoint.obj
w:\dev\simbicon\ode-0.9\release\icecontainer.obj
w:\dev\simbicon\ode-0.9\release\iceaabb.obj
w:\dev\simbicon\ode-0.9\release\util.obj
w:\dev\simbicon\ode-0.9\release\timer.obj
w:\dev\simbicon\ode-0.9\release\testing.obj
w:\dev\simbicon\ode-0.9\release\stepfast.obj
w:\dev\simbicon\ode-0.9\release\step.obj
w:\dev\simbicon\ode-0.9\release\sphere.obj
w:\dev\simbicon\ode-0.9\release\rotation.obj
w:\dev\simbicon\ode-0.9\release\ray.obj
w:\dev\simbicon\ode-0.9\release\quickstep.obj
w:\dev\simbicon\ode-0.9\release\plane.obj
w:\dev\simbicon\ode-0.9\release\odemath.obj
w:\dev\simbicon\ode-0.9\release\ode.obj
w:\dev\simbicon\ode-0.9\release\obstack.obj
w:\dev\simbicon\ode-0.9\release\misc.obj
w:\dev\simbicon\ode-0.9\release\memory.obj
w:\dev\simbicon\ode-0.9\release\matrix.obj
w:\dev\simbicon\ode-0.9\release\icematrix3x3.sbr
w:\dev\simbicon\ode-0.9\release\icematrix4x4.sbr
w:\dev\simbicon\ode-0.9\release\iceobb.sbr
w:\dev\simbicon\ode-0.9\release\iceplane.sbr
w:\dev\simbicon\ode-0.9\release\icepoint.sbr
w:\dev\simbicon\ode-0.9\release\icerandom.sbr
w:\dev\simbicon\ode-0.9\release\iceray.sbr
w:\dev\simbicon\ode-0.9\release\icerevisitedradix.sbr
w:\dev\simbicon\ode-0.9\release\icesegment.sbr
w:\dev\simbicon\ode-0.9\release\icetriangle.sbr
w:\dev\simbicon\ode-0.9\release\iceutils.sbr
w:\dev\simbicon\ode-0.9\release\opcode.sbr
w:\dev\simbicon\ode-0.9\release\opc_aabbcollider.sbr
w:\dev\simbicon\ode-0.9\release\opc_aabbtree.sbr
w:\dev\simbicon\ode-0.9\release\opc_basemodel.sbr
w:\dev\simbicon\ode-0.9\release\opc_boxpruning.sbr
w:\dev\simbicon\ode-0.9\release\opc_collider.sbr
w:\dev\simbicon\ode-0.9\release\opc_hybridmodel.sbr
w:\dev\simbicon\ode-0.9\release\opc_lsscollider.sbr
w:\dev\simbicon\ode-0.9\release\opc_meshinterface.sbr
w:\dev\simbicon\ode-0.9\release\opc_meshinterface.obj
w:\dev\simbicon\ode-0.9\release\opc_lsscollider.obj
w:\dev\simbicon\ode-0.9\release\opc_hybridmodel.obj
w:\dev\simbicon\ode-0.9\release\opc_collider.obj
w:\dev\simbicon\ode-0.9\release\opc_boxpruning.obj
w:\dev\simbicon\ode-0.9\release\opc_basemodel.obj
w:\dev\simbicon\ode-0.9\release\opc_aabbtree.obj
w:\dev\simbicon\ode-0.9\release\opc_aabbcollider.obj
w:\dev\simbicon\ode-0.9\release\opcode.obj
w:\dev\simbicon\ode-0.9\release\iceutils.obj
w:\dev\simbicon\ode-0.9\release\icetriangle.obj
w:\dev\simbicon\ode-0.9\release\icesegment.obj
w:\dev\simbicon\ode-0.9\release\icerevisitedradix.obj
w:\dev\simbicon\ode-0.9\release\iceray.obj
w:\dev\simbicon\ode-0.9\release\icerandom.obj
w:\dev\simbicon\ode-0.9\release\icepoint.obj
w:\dev\simbicon\ode-0.9\release\iceplane.obj
w:\dev\simbicon\ode-0.9\release\iceobb.obj
w:\dev\simbicon\ode-0.9\release\icematrix4x4.obj
w:\dev\simbicon\ode-0.9\release\icematrix3x3.obj
w:\dev\simbicon\ode-0.9\release\opc_model.sbr
w:\dev\simbicon\ode-0.9\release\opc_obbcollider.sbr
w:\dev\simbicon\ode-0.9\release\opc_optimizedtree.sbr
w:\dev\simbicon\ode-0.9\release\opc_planescollider.sbr
w:\dev\simbicon\ode-0.9\release\opc_raycollider.sbr
w:\dev\simbicon\ode-0.9\release\opc_spherecollider.sbr
w:\dev\simbicon\ode-0.9\release\opc_sweepandprune.sbr
w:\dev\simbicon\ode-0.9\release\opc_treebuilders.sbr
w:\dev\simbicon\ode-0.9\release\opc_treecollider.sbr
w:\dev\simbicon\ode-0.9\release\opc_volumecollider.sbr
w:\dev\simbicon\ode-0.9\release\opc_volumecollider.obj
w:\dev\simbicon\ode-0.9\release\opc_treecollider.obj
w:\dev\simbicon\ode-0.9\release\opc_treebuilders.obj
w:\dev\simbicon\ode-0.9\release\opc_sweepandprune.obj
w:\dev\simbicon\ode-0.9\release\opc_spherecollider.obj
w:\dev\simbicon\ode-0.9\release\opc_raycollider.obj
w:\dev\simbicon\ode-0.9\release\opc_planescollider.obj
w:\dev\simbicon\ode-0.9\release\opc_optimizedtree.obj
w:\dev\simbicon\ode-0.9\release\opc_obbcollider.obj
w:\dev\simbicon\ode-0.9\release\opc_model.obj
w:\dev\simbicon\ode-0.9\release\
w:\dev\simbicon\ode-0.9\release\convex.obj
w:\dev\simbicon\ode-0.9\release\fastdot.sbr
w:\dev\simbicon\ode-0.9\release\fastldlt.sbr
w:\dev\simbicon\ode-0.9\release\fastlsolve.sbr
w:\dev\simbicon\ode-0.9\release\fastltsolve.sbr
w:\dev\simbicon\ode-0.9\release\fastltsolve.obj
w:\dev\simbicon\ode-0.9\release\fastlsolve.obj
w:\dev\simbicon\ode-0.9\release\fastldlt.obj
w:\dev\simbicon\ode-0.9\release\fastdot.obj
w:\dev\simbicon\binaries\release\ode.dll
w:\dev\simbicon\binaries\release\ode.lib
w:\dev\simbicon\binaries\release\ode.exp
c:\dev\simbicon\ode-0.9\release\array.obj
c:\dev\simbicon\ode-0.9\release\box.obj
c:\dev\simbicon\ode-0.9\release\capsule.obj
c:\dev\simbicon\ode-0.9\release\collision_cylinder_box.obj
c:\dev\simbicon\ode-0.9\release\collision_cylinder_plane.obj
c:\dev\simbicon\ode-0.9\release\collision_cylinder_sphere.obj
c:\dev\simbicon\ode-0.9\release\collision_cylinder_trimesh.obj
c:\dev\simbicon\ode-0.9\release\collision_kernel.obj
c:\dev\simbicon\ode-0.9\release\collision_quadtreespace.obj
c:\dev\simbicon\ode-0.9\release\collision_space.obj
c:\dev\simbicon\ode-0.9\release\collision_transform.obj
c:\dev\simbicon\ode-0.9\release\collision_trimesh_box.obj
c:\dev\simbicon\ode-0.9\release\collision_trimesh_ccylinder.obj
c:\dev\simbicon\ode-0.9\release\collision_trimesh_distance.obj
c:\dev\simbicon\ode-0.9\release\collision_trimesh_opcode.obj
c:\dev\simbicon\ode-0.9\release\collision_trimesh_plane.obj
c:\dev\simbicon\ode-0.9\release\collision_trimesh_ray.obj
c:\dev\simbicon\ode-0.9\release\collision_trimesh_sphere.obj
c:\dev\simbicon\ode-0.9\release\collision_trimesh_trimesh.obj
c:\dev\simbicon\ode-0.9\release\collision_util.obj
c:\dev\simbicon\ode-0.9\release\convex.obj
c:\dev\simbicon\ode-0.9\release\cylinder.obj
c:\dev\simbicon\ode-0.9\release\error.obj
c:\dev\simbicon\ode-0.9\release\export-dif.obj
c:\dev\simbicon\ode-0.9\release\fastdot.obj
c:\dev\simbicon\ode-0.9\release\fastldlt.obj
c:\dev\simbicon\ode-0.9\release\fastlsolve.obj
c:\dev\simbicon\ode-0.9\release\fastltsolve.obj
c:\dev\simbicon\ode-0.9\release\gimpact.obj
c:\dev\simbicon\ode-0.9\release\gim_boxpruning.obj
c:\dev\simbicon\ode-0.9\release\gim_contact.obj
c:\dev\simbicon\ode-0.9\release\gim_math.obj
c:\dev\simbicon\ode-0.9\release\gim_memory.obj
c:\dev\simbicon\ode-0.9\release\gim_trimesh.obj
c:\dev\simbicon\ode-0.9\release\gim_trimesh_capsule_collision.obj
c:\dev\simbicon\ode-0.9\release\gim_trimesh_ray_collision.obj
c:\dev\simbicon\ode-0.9\release\gim_trimesh_sphere_collision.obj
c:\dev\simbicon\ode-0.9\release\gim_trimesh_trimesh_collision.obj
c:\dev\simbicon\ode-0.9\release\gim_tri_tri_overlap.obj
c:\dev\simbicon\ode-0.9\release\heightfield.obj
c:\dev\simbicon\ode-0.9\release\iceaabb.obj
c:\dev\simbicon\ode-0.9\release\icecontainer.obj
c:\dev\simbicon\ode-0.9\release\icehpoint.obj
c:\dev\simbicon\ode-0.9\release\iceindexedtriangle.obj
c:\dev\simbicon\ode-0.9\release\icematrix3x3.obj
c:\dev\simbicon\ode-0.9\release\icematrix4x4.obj
c:\dev\simbicon\ode-0.9\release\iceobb.obj
c:\dev\simbicon\ode-0.9\release\iceplane.obj
c:\dev\simbicon\ode-0.9\release\icepoint.obj
c:\dev\simbicon\ode-0.9\release\icerandom.obj
c:\dev\simbicon\ode-0.9\release\iceray.obj
c:\dev\simbicon\ode-0.9\release\icerevisitedradix.obj
c:\dev\simbicon\ode-0.9\release\icesegment.obj
c:\dev\simbicon\ode-0.9\release\icetriangle.obj
c:\dev\simbicon\ode-0.9\release\iceutils.obj
c:\dev\simbicon\ode-0.9\release\joint.obj
c:\dev\simbicon\ode-0.9\release\lcp.obj
c:\dev\simbicon\ode-0.9\release\mass.obj
c:\dev\simbicon\ode-0.9\release\mat.obj
c:\dev\simbicon\ode-0.9\release\matrix.obj
c:\dev\simbicon\ode-0.9\release\memory.obj
c:\dev\simbicon\ode-0.9\release\misc.obj
c:\dev\simbicon\ode-0.9\release\obstack.obj
c:\dev\simbicon\ode-0.9\release\ode.obj
c:\dev\simbicon\ode-0.9\release\odemath.obj
c:\dev\simbicon\ode-0.9\release\opcode.obj
c:\dev\simbicon\ode-0.9\release\opc_aabbcollider.obj
c:\dev\simbicon\ode-0.9\release\opc_aabbtree.obj
c:\dev\simbicon\ode-0.9\release\opc_basemodel.obj
c:\dev\simbicon\ode-0.9\release\opc_boxpruning.obj
c:\dev\simbicon\ode-0.9\release\opc_collider.obj
c:\dev\simbicon\ode-0.9\release\opc_hybridmodel.obj
c:\dev\simbicon\ode-0.9\release\opc_lsscollider.obj
c:\dev\simbicon\ode-0.9\release\opc_meshinterface.obj
c:\dev\simbicon\ode-0.9\release\opc_model.obj
c:\dev\simbicon\ode-0.9\release\opc_obbcollider.obj
c:\dev\simbicon\ode-0.9\release\opc_optimizedtree.obj
c:\dev\simbicon\ode-0.9\release\opc_planescollider.obj
c:\dev\simbicon\ode-0.9\release\opc_raycollider.obj
c:\dev\simbicon\ode-0.9\release\opc_spherecollider.obj
c:\dev\simbicon\ode-0.9\release\opc_sweepandprune.obj
c:\dev\simbicon\ode-0.9\release\opc_treebuilders.obj
c:\dev\simbicon\ode-0.9\release\opc_treecollider.obj
c:\dev\simbicon\ode-0.9\release\opc_volumecollider.obj
c:\dev\simbicon\ode-0.9\release\plane.obj
c:\dev\simbicon\ode-0.9\release\quickstep.obj
c:\dev\simbicon\ode-0.9\release\ray.obj
c:\dev\simbicon\ode-0.9\release\rotation.obj
c:\dev\simbicon\ode-0.9\release\sphere.obj
c:\dev\simbicon\ode-0.9\release\step.obj
c:\dev\simbicon\ode-0.9\release\stepfast.obj
c:\dev\simbicon\ode-0.9\release\testing.obj
c:\dev\simbicon\ode-0.9\release\timer.obj
c:\dev\simbicon\ode-0.9\release\util.obj
c:\dev\simbicon\binaries\release\ode.dll
c:\dev\simbicon\binaries\release\ode.bsc
