2015/08/22 12:54:00 にビルドを開始しました。
     1>ノード 3 上のプロジェクト "C:\Dev\Simbicon\ode-0.9\ode.vcxproj" (Build ターゲット)。
     1>Link:
         C:\Program Files (x86)\Microsoft Visual Studio 14.0\VC\bin\link.exe /ERRORREPORT:PROMPT /OUT:"C:\Dev\Simbicon\binaries\Debug\ode.dll" /INCREMENTAL /NOLOGO kernel32.lib user32.lib gdi32.lib winspool.lib comdlg32.lib advapi32.lib shell32.lib ole32.lib oleaut32.lib uuid.lib odbc32.lib odbccp32.lib /NODEFAULTLIB:LIBCMT /MANIFEST /MANIFESTUAC:"level='asInvoker' uiAccess='false'" /manifest:embed /Debug /PDB:"C:\Dev\Simbicon\binaries\Debug\ode.pdb" /SUBSYSTEM:WINDOWS /TLBID:1 /DYNAMICBASE /NXCOMPAT /IMPLIB:"C:\Dev\Simbicon\binaries\Debug\ode.lib" /MACHINE:X86 /SAFESEH /DLL Debug\gimpact.obj
         Debug\gim_boxpruning.obj
         Debug\gim_contact.obj
         Debug\gim_math.obj
         Debug\gim_memory.obj
         Debug\gim_trimesh.obj
         Debug\gim_trimesh_capsule_collision.obj
         Debug\gim_trimesh_ray_collision.obj
         Debug\gim_trimesh_sphere_collision.obj
         Debug\gim_trimesh_trimesh_collision.obj
         Debug\gim_tri_tri_overlap.obj
         Debug\array.obj
         Debug\box.obj
         Debug\capsule.obj
         Debug\collision_cylinder_box.obj
         Debug\collision_cylinder_plane.obj
         Debug\collision_cylinder_sphere.obj
         Debug\collision_cylinder_trimesh.obj
         Debug\collision_kernel.obj
         Debug\collision_quadtreespace.obj
         Debug\collision_space.obj
         Debug\collision_transform.obj
         Debug\collision_trimesh_box.obj
         Debug\collision_trimesh_ccylinder.obj
         Debug\collision_trimesh_distance.obj
         Debug\collision_trimesh_opcode.obj
         Debug\collision_trimesh_plane.obj
         Debug\collision_trimesh_ray.obj
         Debug\collision_trimesh_sphere.obj
         Debug\collision_trimesh_trimesh.obj
         Debug\collision_util.obj
         Debug\convex.obj
         Debug\cylinder.obj
         Debug\error.obj
         "Debug\export-dif.obj"
         Debug\fastdot.obj
         Debug\fastldlt.obj
         Debug\fastlsolve.obj
         Debug\fastltsolve.obj
         Debug\heightfield.obj
         Debug\joint.obj
         Debug\lcp.obj
         Debug\mass.obj
         Debug\mat.obj
         Debug\matrix.obj
         Debug\memory.obj
         Debug\misc.obj
         Debug\obstack.obj
         Debug\ode.obj
         Debug\odemath.obj
         Debug\plane.obj
         Debug\quickstep.obj
         Debug\ray.obj
         Debug\rotation.obj
         Debug\sphere.obj
         Debug\step.obj
         Debug\stepfast.obj
         Debug\testing.obj
         Debug\timer.obj
         Debug\util.obj
         Debug\IceAABB.obj
         Debug\IceContainer.obj
         Debug\IceHPoint.obj
         Debug\IceIndexedTriangle.obj
         Debug\IceMatrix3x3.obj
         Debug\IceMatrix4x4.obj
         Debug\IceOBB.obj
         Debug\IcePlane.obj
         Debug\IcePoint.obj
         Debug\IceRandom.obj
         Debug\IceRay.obj
         Debug\IceRevisitedRadix.obj
         Debug\IceSegment.obj
         Debug\IceTriangle.obj
         Debug\IceUtils.obj
         Debug\Opcode.obj
         Debug\OPC_AABBCollider.obj
         Debug\OPC_AABBTree.obj
         Debug\OPC_BaseModel.obj
         Debug\OPC_BoxPruning.obj
         Debug\OPC_Collider.obj
         Debug\OPC_HybridModel.obj
         Debug\OPC_LSSCollider.obj
         Debug\OPC_MeshInterface.obj
         Debug\OPC_Model.obj
         Debug\OPC_OBBCollider.obj
         Debug\OPC_OptimizedTree.obj
         Debug\OPC_PlanesCollider.obj
         Debug\OPC_RayCollider.obj
         Debug\OPC_SphereCollider.obj
         Debug\OPC_SweepAndPrune.obj
         Debug\OPC_TreeBuilders.obj
         Debug\OPC_TreeCollider.obj
         Debug\OPC_VolumeCollider.obj
         C:\Dev\Simbicon\binaries\Debug\Utils.lib
     1>LINK : fatal error LNK1104: ファイル 'C:\Dev\Simbicon\binaries\Debug\Utils.lib' を開くことができません。
     1>プロジェクト "C:\Dev\Simbicon\ode-0.9\ode.vcxproj" (Build ターゲット) のビルドが終了しました -- 失敗。

ビルドに失敗しました。

経過時間 00:00:01.78
