w:\dev\simbicon\core\release\conutils.obj
w:\dev\simbicon\core\release\worldoracle.obj
w:\dev\simbicon\core\release\virtualmodelcontroller.obj
w:\dev\simbicon\core\release\twolinkik.obj
w:\dev\simbicon\core\release\turncontroller.obj
w:\dev\simbicon\core\release\simplestyleparameters.obj
w:\dev\simbicon\core\release\simplecontrolpolicy.obj
w:\dev\simbicon\core\release\simglobals.obj
w:\dev\simbicon\core\release\simbicontroller.obj
w:\dev\simbicon\core\release\simbiconstate.obj
w:\dev\simbicon\core\release\posecontroller.obj
w:\dev\simbicon\core\release\ikvmccontroller.obj
w:\dev\simbicon\core\release\duckcontroller.obj
w:\dev\simbicon\core\release\controller.obj
w:\dev\simbicon\core\release\compositecontroller.obj
w:\dev\simbicon\core\release\character.obj
w:\dev\simbicon\core\release\bipv3balancecontroller.obj
w:\dev\simbicon\core\release\behaviourcontroller.obj
w:\dev\simbicon\core\release\balancefeedback.obj
w:\dev\simbicon\core\release\actioncollectionpolicy.obj
c:\dev\simbicon\core\release\actioncollectionpolicy.obj
c:\dev\simbicon\core\release\balancefeedback.obj
c:\dev\simbicon\core\release\behaviourcontroller.obj
c:\dev\simbicon\core\release\bipv3balancecontroller.obj
c:\dev\simbicon\core\release\character.obj
c:\dev\simbicon\core\release\compositecontroller.obj
c:\dev\simbicon\core\release\controller.obj
c:\dev\simbicon\core\release\conutils.obj
c:\dev\simbicon\core\release\duckcontroller.obj
c:\dev\simbicon\core\release\ikvmccontroller.obj
c:\dev\simbicon\core\release\posecontroller.obj
c:\dev\simbicon\core\release\simbiconstate.obj
c:\dev\simbicon\core\release\simbicontroller.obj
c:\dev\simbicon\core\release\simglobals.obj
c:\dev\simbicon\core\release\simplecontrolpolicy.obj
c:\dev\simbicon\core\release\simplestyleparameters.obj
c:\dev\simbicon\core\release\turncontroller.obj
c:\dev\simbicon\core\release\twolinkik.obj
c:\dev\simbicon\core\release\virtualmodelcontroller.obj
c:\dev\simbicon\core\release\worldoracle.obj
