w:\dev\simbicon\glutils\release\vc120.pdb
w:\dev\simbicon\glutils\release\objreader.obj
w:\dev\simbicon\glutils\release\glutils_wrap.obj
w:\dev\simbicon\glutils\release\glutils.obj
w:\dev\simbicon\glutils\release\gluiwindow.obj
w:\dev\simbicon\glutils\release\gluicurveeditor.obj
w:\dev\simbicon\glutils\release\gluicheckbox.obj
w:\dev\simbicon\glutils\release\gltexture.obj
w:\dev\simbicon\glutils\release\glshader.obj
w:\dev\simbicon\glutils\release\glmesh.obj
w:\dev\simbicon\glutils\release\glcamera.obj
w:\dev\simbicon\glutils\release\cubebg.obj
c:\dev\simbicon\glutils\release\cubebg.obj
c:\dev\simbicon\glutils\release\glcamera.obj
c:\dev\simbicon\glutils\release\glmesh.obj
c:\dev\simbicon\glutils\release\glshader.obj
c:\dev\simbicon\glutils\release\gltexture.obj
c:\dev\simbicon\glutils\release\gluicheckbox.obj
c:\dev\simbicon\glutils\release\gluicurveeditor.obj
c:\dev\simbicon\glutils\release\gluiwindow.obj
c:\dev\simbicon\glutils\release\glutils.obj
c:\dev\simbicon\glutils\release\glutils_wrap.obj
c:\dev\simbicon\glutils\release\objreader.obj
