w:\dev\simbicon\mathlib\release\mathlib.pch
w:\dev\simbicon\mathlib\release\vc120.pdb
w:\dev\simbicon\mathlib\release\stdafx.obj
w:\dev\simbicon\mathlib\release\vector3d.obj
w:\dev\simbicon\mathlib\release\vector.obj
w:\dev\simbicon\mathlib\release\transformationmatrix.obj
w:\dev\simbicon\mathlib\release\threetuple.obj
w:\dev\simbicon\mathlib\release\sphere.obj
w:\dev\simbicon\mathlib\release\segment.obj
w:\dev\simbicon\mathlib\release\quaternion.obj
w:\dev\simbicon\mathlib\release\point3d.obj
w:\dev\simbicon\mathlib\release\plane.obj
w:\dev\simbicon\mathlib\release\matrix.obj
w:\dev\simbicon\mathlib\release\capsule.obj
w:\dev\simbicon\mathlib\release\mathlib_wrap.obj
w:\dev\simbicon\binaries\release\_mathlib.pyd
w:\dev\simbicon\binaries\release\mathlib.lib
w:\dev\simbicon\binaries\release\mathlib.exp
c:\dev\simbicon\mathlib\release\capsule.obj
c:\dev\simbicon\mathlib\release\mathlib_wrap.obj
c:\dev\simbicon\mathlib\release\matrix.obj
c:\dev\simbicon\mathlib\release\plane.obj
c:\dev\simbicon\mathlib\release\point3d.obj
c:\dev\simbicon\mathlib\release\quaternion.obj
c:\dev\simbicon\mathlib\release\segment.obj
c:\dev\simbicon\mathlib\release\sphere.obj
c:\dev\simbicon\mathlib\release\stdafx.obj
c:\dev\simbicon\mathlib\release\threetuple.obj
c:\dev\simbicon\mathlib\release\transformationmatrix.obj
c:\dev\simbicon\mathlib\release\vector.obj
c:\dev\simbicon\mathlib\release\vector3d.obj
