2015/08/22 12:54:19 にビルドを開始しました。
     1>ノード 2 上のプロジェクト "C:\Dev\Simbicon\Core\Core.vcxproj" (Build ターゲット)。
     1>PreBuildEvent:
         echo Compiling Python interface
         echo off
         ..\..\lib\swigwin-1.3.39\swig.exe -python -c++ -o Core_wrap.cpp C:\Dev\Simbicon\Core\Core.i
         
         :VCEnd
         Compiling Python interface
     1>SimGlobals.h(23): warning 454: Setting a pointer/reference variable may leak memory.
       ClCompile:
         C:\Program Files (x86)\Microsoft Visual Studio 14.0\VC\bin\CL.exe /c /I..\..\lib\Python26\include /IC:\Dev\Simbicon\ /I"C:\Dev\Simbicon\/ode-0.9/include" /IC:\Dev\Simbicon\/include /ZI /nologo /W3 /WX- /Od /Oy- /D WIN32 /D _DEBUG /D _WINDOWS /D _USRDLL /D CORE_EXPORTS /D _CRT_SECURE_NO_WARNINGS /D _WINDLL /D _MBCS /Gm /EHsc /RTC1 /MDd /GS /fp:precise /Zc:wchar_t /Zc:forScope /Zc:inline /Fo"Debug\\" /Fd"Debug\vc140.pdb" /Gd /TP /wd4231 /analyze- /errorReport:prompt Core_wrap.cpp
         Core_wrap.cpp
     1>c:\dev\lib\python26\include\pymath.h(26): warning C4273: 'acosh': dll リンクが一貫していません。
         c:\program files (x86)\windows kits\10\include\10.0.10150.0\ucrt\math.h(477): note: 'acosh' の以前の定義を確認してください
     1>c:\dev\lib\python26\include\pymath.h(30): warning C4273: 'asinh': dll リンクが一貫していません。
         c:\program files (x86)\windows kits\10\include\10.0.10150.0\ucrt\math.h(478): note: 'asinh' の以前の定義を確認してください
     1>c:\dev\lib\python26\include\pymath.h(34): warning C4273: 'atanh': dll リンクが一貫していません。
         c:\program files (x86)\windows kits\10\include\10.0.10150.0\ucrt\math.h(479): note: 'atanh' の以前の定義を確認してください
     1>c:\dev\lib\python26\include\pymath.h(38): warning C4273: 'log1p': dll リンクが一貫していません。
         c:\program files (x86)\windows kits\10\include\10.0.10150.0\ucrt\math.h(505): note: 'log1p' の以前の定義を確認してください
     1>c:\program files (x86)\microsoft visual studio 14.0\vc\include\xtgmath.h(179): warning C4273: 'acosh': dll リンクが一貫していません。
         c:\program files (x86)\windows kits\10\include\10.0.10150.0\ucrt\math.h(477): note: 'acosh' の以前の定義を確認してください
     1>c:\program files (x86)\microsoft visual studio 14.0\vc\include\xtgmath.h(180): warning C4273: 'asinh': dll リンクが一貫していません。
         c:\program files (x86)\windows kits\10\include\10.0.10150.0\ucrt\math.h(478): note: 'asinh' の以前の定義を確認してください
     1>c:\program files (x86)\microsoft visual studio 14.0\vc\include\xtgmath.h(181): warning C4273: 'atanh': dll リンクが一貫していません。
         c:\program files (x86)\windows kits\10\include\10.0.10150.0\ucrt\math.h(479): note: 'atanh' の以前の定義を確認してください
     1>c:\program files (x86)\microsoft visual studio 14.0\vc\include\xtgmath.h(197): warning C4273: 'log1p': dll リンクが一貫していません。
         c:\program files (x86)\windows kits\10\include\10.0.10150.0\ucrt\math.h(505): note: 'log1p' の以前の定義を確認してください
     1>c:\dev\simbicon\mathlib\mathlib.h(16): warning C4005: 'INFINITY': マクロが再定義されました。
         c:\program files (x86)\windows kits\10\include\10.0.10150.0\ucrt\math.h(78): note: 'INFINITY' の以前の定義を確認してください
     1>c:\dev\simbicon\core\core_wrap.cpp(23590): error C2065: 'md': 定義されていない識別子です。
     1>プロジェクト "C:\Dev\Simbicon\Core\Core.vcxproj" (Build ターゲット) のビルドが終了しました -- 失敗。

ビルドに失敗しました。

経過時間 00:00:06.62
