w:\dev\simbicon\physics\release\rbutils.obj
w:\dev\simbicon\physics\release\universaljoint.obj
w:\dev\simbicon\physics\release\stiffjoint.obj
w:\dev\simbicon\physics\release\spherecdp.obj
w:\dev\simbicon\physics\release\rigidbody.obj
w:\dev\simbicon\physics\release\rbstate.obj
w:\dev\simbicon\physics\release\rbproperties.obj
w:\dev\simbicon\physics\release\rbforceaccumulator.obj
w:\dev\simbicon\physics\release\precollisionquery.obj
w:\dev\simbicon\physics\release\planecdp.obj
w:\dev\simbicon\physics\release\physics_wrap.obj
w:\dev\simbicon\physics\release\physicsglobals.obj
w:\dev\simbicon\physics\release\odeworld.obj
w:\dev\simbicon\physics\release\joint.obj
w:\dev\simbicon\physics\release\hingejoint.obj
w:\dev\simbicon\physics\release\collisiondetectionprimitive.obj
w:\dev\simbicon\physics\release\capsulecdp.obj
w:\dev\simbicon\physics\release\boxcdp.obj
w:\dev\simbicon\physics\release\ballinsocketjoint.obj
w:\dev\simbicon\physics\release\articulatedrigidbody.obj
w:\dev\simbicon\physics\release\articulatedfigure.obj
w:\dev\simbicon\physics\release\world.obj
c:\dev\simbicon\physics\release\articulatedfigure.obj
c:\dev\simbicon\physics\release\articulatedrigidbody.obj
c:\dev\simbicon\physics\release\ballinsocketjoint.obj
c:\dev\simbicon\physics\release\boxcdp.obj
c:\dev\simbicon\physics\release\capsulecdp.obj
c:\dev\simbicon\physics\release\collisiondetectionprimitive.obj
c:\dev\simbicon\physics\release\hingejoint.obj
c:\dev\simbicon\physics\release\joint.obj
c:\dev\simbicon\physics\release\odeworld.obj
c:\dev\simbicon\physics\release\physicsglobals.obj
c:\dev\simbicon\physics\release\physics_wrap.obj
c:\dev\simbicon\physics\release\planecdp.obj
c:\dev\simbicon\physics\release\precollisionquery.obj
c:\dev\simbicon\physics\release\rbforceaccumulator.obj
c:\dev\simbicon\physics\release\rbproperties.obj
c:\dev\simbicon\physics\release\rbstate.obj
c:\dev\simbicon\physics\release\rbutils.obj
c:\dev\simbicon\physics\release\rigidbody.obj
c:\dev\simbicon\physics\release\spherecdp.obj
c:\dev\simbicon\physics\release\stiffjoint.obj
c:\dev\simbicon\physics\release\universaljoint.obj
c:\dev\simbicon\physics\release\world.obj
