2015/08/21 8:55:12 にビルドを開始しました。
     1>ノード 2 上のプロジェクト "C:\Dev\Simbicon\Physics\Physics.vcxproj" (Build ターゲット)。
     1>PreBuildEvent:
         echo Compiling Python interface
         echo off
         ..\..\lib\swigwin-1.3.39\swig.exe -python -c++ -o Physics_wrap.cpp C:\Dev\Simbicon\Physics\Physics.i
         
         :VCEnd
         Compiling Python interface
       ClCompile:
         C:\Program Files (x86)\Microsoft Visual Studio 14.0\VC\bin\CL.exe /c /I..\..\lib\Python26\include /IC:\Dev\Simbicon\ /I"C:\Dev\Simbicon\/ode-0.9/include" /nologo /W3 /WX- /O2 /Oi /Ot /Oy- /GL /D WIN32 /D NDEBUG /D _WINDOWS /D _USRDLL /D PHYSICS_EXPORTS /D _CRT_SECURE_NO_WARNINGS /D _WINDLL /D _MBCS /Gm- /EHsc /MD /GS /Gy /arch:SSE2 /fp:precise /Zc:wchar_t /Zc:forScope /Zc:inline /Fo"Release\\" /Fd"Release\vc140.pdb" /Gd /TP /wd4231 /analyze- /errorReport:prompt Physics_wrap.cpp
         Physics_wrap.cpp
     1>c:\dev\lib\python26\include\pymath.h(26): warning C4273: 'acosh': dll リンクが一貫していません。
         C:\Program Files (x86)\Windows Kits\10\Include\10.0.10150.0\ucrt\math.h(477): note: 'acosh' の以前の定義を確認してください
     1>c:\dev\lib\python26\include\pymath.h(30): warning C4273: 'asinh': dll リンクが一貫していません。
         C:\Program Files (x86)\Windows Kits\10\Include\10.0.10150.0\ucrt\math.h(478): note: 'asinh' の以前の定義を確認してください
     1>c:\dev\lib\python26\include\pymath.h(34): warning C4273: 'atanh': dll リンクが一貫していません。
         C:\Program Files (x86)\Windows Kits\10\Include\10.0.10150.0\ucrt\math.h(479): note: 'atanh' の以前の定義を確認してください
     1>c:\dev\lib\python26\include\pymath.h(38): warning C4273: 'log1p': dll リンクが一貫していません。
         C:\Program Files (x86)\Windows Kits\10\Include\10.0.10150.0\ucrt\math.h(505): note: 'log1p' の以前の定義を確認してください
     1>C:\Program Files (x86)\Microsoft Visual Studio 14.0\VC\include\xtgmath.h(179): warning C4273: 'acosh': dll リンクが一貫していません。
         C:\Program Files (x86)\Windows Kits\10\Include\10.0.10150.0\ucrt\math.h(477): note: 'acosh' の以前の定義を確認してください
     1>C:\Program Files (x86)\Microsoft Visual Studio 14.0\VC\include\xtgmath.h(180): warning C4273: 'asinh': dll リンクが一貫していません。
         C:\Program Files (x86)\Windows Kits\10\Include\10.0.10150.0\ucrt\math.h(478): note: 'asinh' の以前の定義を確認してください
     1>C:\Program Files (x86)\Microsoft Visual Studio 14.0\VC\include\xtgmath.h(181): warning C4273: 'atanh': dll リンクが一貫していません。
         C:\Program Files (x86)\Windows Kits\10\Include\10.0.10150.0\ucrt\math.h(479): note: 'atanh' の以前の定義を確認してください
     1>C:\Program Files (x86)\Microsoft Visual Studio 14.0\VC\include\xtgmath.h(197): warning C4273: 'log1p': dll リンクが一貫していません。
         C:\Program Files (x86)\Windows Kits\10\Include\10.0.10150.0\ucrt\math.h(505): note: 'log1p' の以前の定義を確認してください
     1>C:\Dev\Simbicon\MathLib/MathLib.h(16): warning C4005: 'INFINITY': マクロが再定義されました。
         C:\Program Files (x86)\Windows Kits\10\Include\10.0.10150.0\ucrt\math.h(78): note: 'INFINITY' の以前の定義を確認してください
     1>C:\Program Files (x86)\MSBuild\Microsoft.Cpp\v4.0\V140\Microsoft.CppBuild.targets(1189,5): warning MSB8012: TargetPath(C:\Dev\Simbicon\binaries\Release\Physics.dll) does not match the Linker's OutputFile property value (C:\Dev\Simbicon\binaries\Release\_Physics.pyd). This may cause your project to build incorrectly. To correct this, please make sure that $(OutDir), $(TargetName) and $(TargetExt) property values match the value specified in %(Link.OutputFile).
     1>C:\Program Files (x86)\MSBuild\Microsoft.Cpp\v4.0\V140\Microsoft.CppBuild.targets(1190,5): warning MSB8012: TargetExt(.dll) does not match the Linker's OutputFile property value (.pyd). This may cause your project to build incorrectly. To correct this, please make sure that $(OutDir), $(TargetName) and $(TargetExt) property values match the value specified in %(Link.OutputFile).
     1>C:\Program Files (x86)\MSBuild\Microsoft.Cpp\v4.0\V140\Microsoft.CppBuild.targets(1191,5): warning MSB8012: TargetName(Physics) does not match the Linker's OutputFile property value (_Physics). This may cause your project to build incorrectly. To correct this, please make sure that $(OutDir), $(TargetName) and $(TargetExt) property values match the value specified in %(Link.OutputFile).
       Link:
         C:\Program Files (x86)\Microsoft Visual Studio 14.0\VC\bin\link.exe /ERRORREPORT:PROMPT /OUT:"C:\Dev\Simbicon\binaries\Release\_Physics.pyd" /INCREMENTAL:NO /NOLOGO "C:\python26-86\libs\python26.lib" opengl32.lib glu32.lib ..\..\lib\glew32.lib kernel32.lib user32.lib gdi32.lib winspool.lib comdlg32.lib advapi32.lib shell32.lib ole32.lib oleaut32.lib uuid.lib odbc32.lib odbccp32.lib /NODEFAULTLIB:LIBCMT /MANIFEST /MANIFESTUAC:"level='asInvoker' uiAccess='false'" /manifest:embed /DEBUG /PDB:"C:\Dev\Simbicon\binaries\Release\Physics.pdb" /OPT:REF /OPT:ICF /LTCG:incremental /TLBID:1 /DYNAMICBASE /NXCOMPAT /IMPLIB:"C:\Dev\Simbicon\binaries\Release\Physics.lib" /MACHINE:X86 /SAFESEH /DLL Release\ArticulatedFigure.obj
         Release\ArticulatedRigidBody.obj
         Release\BallInSocketJoint.obj
         Release\BoxCDP.obj
         Release\CapsuleCDP.obj
         Release\CollisionDetectionPrimitive.obj
         Release\HingeJoint.obj
         Release\Joint.obj
         Release\ODEWorld.obj
         Release\PhysicsGlobals.obj
         Release\Physics_wrap.obj
         Release\PlaneCDP.obj
         Release\PreCollisionQuery.obj
         Release\RBForceAccumulator.obj
         Release\RBProperties.obj
         Release\RBState.obj
         Release\RBUtils.obj
         Release\RigidBody.obj
         Release\SphereCDP.obj
         Release\StiffJoint.obj
         Release\UniversalJoint.obj
         Release\World.obj
         C:\Dev\Simbicon\binaries\Release\GLUtils.lib
         C:\Dev\Simbicon\binaries\Release\MathLib.lib
         C:\Dev\Simbicon\binaries\Release\ode.lib
         C:\Dev\Simbicon\binaries\Release\Utils.lib
            ライブラリ C:\Dev\Simbicon\binaries\Release\Physics.lib とオブジェクト C:\Dev\Simbicon\binaries\Release\Physics.exp を作成中
         コード生成しています。
         0 of 3110 functions ( 0.0%) were compiled, the rest were copied from previous compilation.
           0 functions were new in current compilation
           0 functions had inline decision re-evaluated but remain unchanged
         コード生成が終了しました。
         Physics.vcxproj -> C:\Dev\Simbicon\binaries\Release\Physics.dll
       PostBuildEvent:
         echo Creating python library
         move C:\Dev\Simbicon\Physics\Physics.py C:\Dev\Simbicon\binaries\Release\Physics.py
         
         :VCEnd
         Creating python library
                 1 個のファイルを移動しました。
     1>プロジェクト "C:\Dev\Simbicon\Physics\Physics.vcxproj" (Build ターゲット) のビルドが完了しました。

ビルドに成功しました。

経過時間 00:00:06.49
