w:\dev\simbicon\gsl\release\vector.obj
w:\dev\simbicon\gsl\release\swap.obj
w:\dev\simbicon\gsl\release\prop.obj
w:\dev\simbicon\gsl\release\oper.obj
w:\dev\simbicon\gsl\release\minmax.obj
w:\dev\simbicon\gsl\release\copy.obj
w:\dev\simbicon\gsl\release\matrix.obj
w:\dev\simbicon\gsl\release\getset.obj
w:\dev\simbicon\gsl\release\error.obj
w:\dev\simbicon\gsl\release\init.obj
w:\dev\simbicon\gsl\release\file.obj
w:\dev\simbicon\gsl\release\block.obj
w:\dev\simbicon\gsl\release\cblas.obj
w:\dev\simbicon\gsl\release\blas.obj
w:\dev\simbicon\gsl\release\init2.obj
w:\dev\simbicon\binaries\release\gsl.lib
w:\dev\simbicon\binaries\release\gsl.exp
c:\dev\simbicon\gsl\release\blas.obj
c:\dev\simbicon\gsl\release\block.obj
c:\dev\simbicon\gsl\release\cblas.obj
c:\dev\simbicon\gsl\release\copy.obj
c:\dev\simbicon\gsl\release\copy1.obj
c:\dev\simbicon\gsl\release\error.obj
c:\dev\simbicon\gsl\release\file.obj
c:\dev\simbicon\gsl\release\file1.obj
c:\dev\simbicon\gsl\release\file2.obj
c:\dev\simbicon\gsl\release\getset.obj
c:\dev\simbicon\gsl\release\init.obj
c:\dev\simbicon\gsl\release\init1.obj
c:\dev\simbicon\gsl\release\init2.obj
c:\dev\simbicon\gsl\release\matrix.obj
c:\dev\simbicon\gsl\release\minmax.obj
c:\dev\simbicon\gsl\release\minmax1.obj
c:\dev\simbicon\gsl\release\oper.obj
c:\dev\simbicon\gsl\release\oper1.obj
c:\dev\simbicon\gsl\release\prop.obj
c:\dev\simbicon\gsl\release\prop1.obj
c:\dev\simbicon\gsl\release\swap.obj
c:\dev\simbicon\gsl\release\swap1.obj
c:\dev\simbicon\gsl\release\vector.obj
c:\dev\simbicon\binaries\release\gsl.dll
